 WARN  using --force I sure hope you know what you are doing
Scope: all 22 workspace projects
Lockfile is up to date, resolution step is skipped
Packages: +4049
++++++++++++++++++++++++++++++++++++++++++++++++++++++++++++++++++++++++++++++++
Progress: resolved 0, reused 1, downloaded 0, added 0
Progress: resolved 0, reused 790, downloaded 0, added 0
Progress: resolved 0, reused 1986, downloaded 0, added 0
Progress: resolved 0, reused 3344, downloaded 0, added 4
Progress: resolved 0, reused 3347, downloaded 0, added 42
Progress: resolved 0, reused 3348, downloaded 0, added 74
Progress: resolved 0, reused 3348, downloaded 0, added 94
Progress: resolved 0, reused 3348, downloaded 0, added 130
Progress: resolved 0, reused 3348, downloaded 0, added 140
Progress: resolved 0, reused 3348, downloaded 0, added 144
Progress: resolved 0, reused 3348, downloaded 0, added 161
Progress: resolved 0, reused 3348, downloaded 0, added 215
Progress: resolved 0, reused 3348, downloaded 0, added 250
Progress: resolved 0, reused 3348, downloaded 0, added 300
Progress: resolved 0, reused 3348, downloaded 0, added 374
Progress: resolved 0, reused 3348, downloaded 0, added 401
Progress: resolved 0, reused 3348, downloaded 0, added 486
Progress: resolved 0, reused 3348, downloaded 0, added 563
Progress: resolved 0, reused 3348, downloaded 0, added 652
Progress: resolved 0, reused 3348, downloaded 0, added 767
Progress: resolved 0, reused 3348, downloaded 0, added 830
Progress: resolved 0, reused 3348, downloaded 0, added 840
Progress: resolved 0, reused 3348, downloaded 0, added 929
Progress: resolved 0, reused 3348, downloaded 0, added 1074
Progress: resolved 0, reused 3348, downloaded 0, added 1075
Progress: resolved 0, reused 3348, downloaded 0, added 1131
Progress: resolved 0, reused 3348, downloaded 0, added 1240
Progress: resolved 0, reused 3348, downloaded 0, added 1323
Progress: resolved 0, reused 3348, downloaded 0, added 1419
Progress: resolved 0, reused 3348, downloaded 0, added 1426
Progress: resolved 0, reused 3348, downloaded 0, added 1462
Progress: resolved 0, reused 3348, downloaded 0, added 1480
Progress: resolved 0, reused 3348, downloaded 0, added 1518
Progress: resolved 0, reused 3348, downloaded 0, added 1569
Progress: resolved 0, reused 3348, downloaded 0, added 1586
Progress: resolved 0, reused 3348, downloaded 0, added 1637
Progress: resolved 0, reused 3348, downloaded 0, added 1746
Progress: resolved 0, reused 3348, downloaded 0, added 1858
Progress: resolved 0, reused 3348, downloaded 0, added 1883
Progress: resolved 0, reused 3348, downloaded 0, added 1930
Progress: resolved 0, reused 3348, downloaded 0, added 1936
Progress: resolved 0, reused 3348, downloaded 0, added 1998
Progress: resolved 0, reused 3348, downloaded 0, added 2080
Progress: resolved 0, reused 3348, downloaded 0, added 2179
Progress: resolved 0, reused 3348, downloaded 0, added 2180
Progress: resolved 0, reused 3348, downloaded 0, added 2230
Progress: resolved 0, reused 3348, downloaded 0, added 2333
Progress: resolved 0, reused 3348, downloaded 0, added 2437
Progress: resolved 0, reused 3348, downloaded 0, added 2510
Progress: resolved 0, reused 3348, downloaded 0, added 2511
Progress: resolved 0, reused 3348, downloaded 0, added 2563
Progress: resolved 0, reused 3348, downloaded 0, added 2657
Progress: resolved 0, reused 3348, downloaded 0, added 2718
Progress: resolved 0, reused 3348, downloaded 0, added 2725
Progress: resolved 0, reused 3348, downloaded 0, added 2771
Progress: resolved 0, reused 3348, downloaded 0, added 2808
Progress: resolved 0, reused 3348, downloaded 0, added 2842
Progress: resolved 0, reused 3348, downloaded 0, added 2849
Progress: resolved 0, reused 3348, downloaded 0, added 2879
Progress: resolved 0, reused 3348, downloaded 0, added 2888
Progress: resolved 0, reused 3348, downloaded 0, added 2952
Progress: resolved 0, reused 3348, downloaded 0, added 2985
Progress: resolved 0, reused 3348, downloaded 0, added 3078
Progress: resolved 0, reused 3348, downloaded 0, added 3137
Progress: resolved 0, reused 3348, downloaded 0, added 3223
Progress: resolved 0, reused 3348, downloaded 0, added 3273
Progress: resolved 0, reused 3348, downloaded 0, added 3292
Progress: resolved 0, reused 3348, downloaded 0, added 3355
Progress: resolved 0, reused 3348, downloaded 0, added 3427
Progress: resolved 0, reused 3348, downloaded 0, added 3468
Progress: resolved 0, reused 3348, downloaded 0, added 3590
Progress: resolved 0, reused 3348, downloaded 0, added 3694
Progress: resolved 0, reused 3348, downloaded 0, added 3786
Progress: resolved 0, reused 3348, downloaded 0, added 3902
Progress: resolved 0, reused 3348, downloaded 0, added 4021
Progress: resolved 0, reused 3348, downloaded 0, added 4044
Progress: resolved 0, reused 3348, downloaded 0, added 4045
Progress: resolved 0, reused 3348, downloaded 0, added 4046
Progress: resolved 0, reused 3348, downloaded 0, added 4047
Progress: resolved 0, reused 3348, downloaded 0, added 4048
Progress: resolved 0, reused 3348, downloaded 0, added 4049
Progress: resolved 0, reused 3348, downloaded 0, added 4049, done
